#
# There is insufficient memory for the Java Runtime Environment to continue.
# Native memory allocation (malloc) failed to allocate 34192 bytes for Chunk::new
# Possible reasons:
#   The system is out of physical RAM or swap space
#   In 32 bit mode, the process size limit was hit
# Possible solutions:
#   Reduce memory load on the system
#   Increase physical memory or swap space
#   Check if swap backing store is full
#   Use 64 bit Java on a 64 bit OS
#   Decrease Java heap size (-Xmx/-Xms)
#   Decrease number of Java threads
#   Decrease Java thread stack sizes (-Xss)
#   Set larger code cache with -XX:ReservedCodeCacheSize=
# This output file may be truncated or incomplete.
#
#  Out of Memory Error (allocation.cpp:390), pid=158236, tid=159524
#
# JRE version: Java(TM) SE Runtime Environment (8.0_60-b27) (build 1.8.0_60-b27)
# Java VM: Java HotSpot(TM) 64-Bit Server VM (25.60-b23 mixed mode windows-amd64 compressed oops)
# Failed to write core dump. Minidumps are not enabled by default on client versions of Windows
#

---------------  T H R E A D  ---------------

Current thread (0x0000000002461000):  JavaThread "main" [_thread_in_native, id=159524, stack(0x0000000002360000,0x0000000002460000)]

Stack: [0x0000000002360000,0x0000000002460000]
[error occurred during error reporting (printing stack bounds), id 0xc0000005]

Native frames: (J=compiled Java code, j=interpreted, Vv=VM code, C=native code)

Java frames: (J=compiled Java code, j=interpreted, Vv=VM code)
j  java.lang.invoke.MethodHandle.<clinit>()V+16
v  ~StubRoutines::call_stub

---------------  P R O C E S S  ---------------

Java Threads: ( => current thread )
  0x0000000016e6b000 JavaThread "C1 CompilerThread1" daemon [_thread_blocked, id=156276, stack(0x0000000017eb0000,0x0000000017fb0000)]
  0x0000000016e68000 JavaThread "C2 CompilerThread0" daemon [_thread_blocked, id=159700, stack(0x0000000017db0000,0x0000000017eb0000)]
  0x0000000016e1a000 JavaThread "Attach Listener" daemon [_thread_blocked, id=157716, stack(0x0000000017cb0000,0x0000000017db0000)]
  0x0000000016e67800 JavaThread "Signal Dispatcher" daemon [_thread_blocked, id=158740, stack(0x0000000017bb0000,0x0000000017cb0000)]
  0x0000000002554800 JavaThread "Finalizer" daemon [_thread_blocked, id=159540, stack(0x0000000017a60000,0x0000000017b60000)]
  0x000000000254c800 JavaThread "Reference Handler" daemon [_thread_blocked, id=159104, stack(0x0000000017960000,0x0000000017a60000)]
=>0x0000000002461000 JavaThread "main" [_thread_in_native, id=159524, stack(0x0000000002360000,0x0000000002460000)]

Other Threads:
  0x0000000016dd7000 VMThread [stack: 0x0000000017860000,0x0000000017960000] [id=153868]

VM state:not at safepoint (normal execution)

VM Mutex/Monitor currently owned by a thread: None

Heap:
 PSYoungGen      total 37888K, used 1310K [0x00000000d6180000, 0x00000000d8b80000, 0x0000000100000000)
  eden space 32768K, 4% used [0x00000000d6180000,0x00000000d62c7ba0,0x00000000d8180000)
  from space 5120K, 0% used [0x00000000d8680000,0x00000000d8680000,0x00000000d8b80000)
  to   space 5120K, 0% used [0x00000000d8180000,0x00000000d8180000,0x00000000d8680000)
 ParOldGen       total 86016K, used 0K [0x0000000082400000, 0x0000000087800000, 0x00000000d6180000)
  object space 86016K, 0% used [0x0000000082400000,0x0000000082400000,0x0000000087800000)
 Metaspace       used 2176K, capacity 4480K, committed 4480K, reserved 1056768K
  class space    used 236K, capacity 384K, committed 384K, reserved 1048576K

Card table byte_map: [0x0000000011920000,0x0000000011d10000] byte_map_base: 0x000000001150e000

Marking Bits: (ParMarkBitMap*) 0x0000000054eea5b0
 Begin Bits: [0x00000000121b0000, 0x0000000014120000)
 End Bits:   [0x0000000014120000, 0x0000000016090000)

Polling page: 0x0000000000700000

CodeCache: size=245760Kb used=1023Kb max_used=1034Kb free=244736Kb
 bounds [0x0000000002560000, 0x00000000027d0000, 0x0000000011560000]
 total_blobs=215 nmethods=0 adapters=131
 compilation: enabled

Compilation events (0 events):
No events

GC Heap History (0 events):
No events

Deoptimization events (0 events):
No events

Internal exceptions (2 events):
Event: 0.046 Thread 0x0000000002461000 Exception <a 'java/lang/NoSuchMethodError': Method sun.misc.Unsafe.defineClass(Ljava/lang/String;[BII)Ljava/lang/Class; name or signature does not match> (0x00000000d6193050) thrown at [C:\re\workspace\8-2-build-windows-amd64-cygwin\jdk8u60\4407\hotspot\sr/À;[“Ž§?
Event: 0.046 Thread 0x0000000002461000 Exception <a 'java/lang/NoSuchMethodError': Method sun.misc.Unsafe.prefetchRead(Ljava/lang/Object;J)V name or signature does not match> (0x00000000d6193338) thrown at [C:\re\workspace\8-2-build-windows-amd64-cygwin\jdk8u60\4407\hotspot\src\share\vm\prims\j

Events (10 events):
Event: 0.104 loading class sun/net/www/protocol/jar/Handler done
Event: 0.104 loading class sun/misc/Launcher$AppClassLoader$1
Event: 0.104 loading class sun/misc/Launcher$AppClassLoader$1 done
Event: 0.106 loading class java/lang/SystemClassLoaderAction
Event: 0.106 loading class java/lang/SystemClassLoaderAction done
Event: 0.106 Thread 0x0000000016e67800 Thread added: 0x0000000016e67800
Event: 0.106 Thread 0x0000000016e1a000 Thread added: 0x0000000016e1a000
Event: 0.106 Thread 0x0000000016e68000 Thread added: 0x0000000016e68000
Event: 0.106 Thread 0x0000000016e6b000 Thread added: 0x0000000016e6b000
Event: 0.107 loading class java/lang/invoke/MethodHandleImpl


Dynamic libraries:
0x00007ff656ae0000 - 0x00007ff656b17000 	C:\Program Files\Java\jdk1.8.0_60\jre\bin\java.exe
0x00007ff912c30000 - 0x00007ff912dd9000 	C:\Windows\SYSTEM32\ntdll.dll
0x00007ff911bb0000 - 0x00007ff911ce9000 	C:\Windows\system32\KERNEL32.DLL
0x00007ff9100c0000 - 0x00007ff9101ce000 	C:\Windows\system32\KERNELBASE.dll
0x00007ff911cf0000 - 0x00007ff911d95000 	C:\Windows\system32\ADVAPI32.dll
0x00007ff911da0000 - 0x00007ff911f11000 	C:\Windows\system32\USER32.dll
0x00007ff90de80000 - 0x00007ff90e0da000 	C:\Windows\WinSxS\amd64_microsoft.windows.common-controls_6595b64144ccf1df_6.0.9600.16384_none_62475f7becb72503\COMCTL32.dll
0x00007ff9105b0000 - 0x00007ff910657000 	C:\Windows\system32\msvcrt.dll
0x00007ff9124f0000 - 0x00007ff912547000 	C:\Windows\SYSTEM32\sechost.dll
0x00007ff9123b0000 - 0x00007ff9124e6000 	C:\Windows\system32\RPCRT4.dll
0x00007ff9101d0000 - 0x00007ff910315000 	C:\Windows\system32\GDI32.dll
0x00007ff911aa0000 - 0x00007ff911ad4000 	C:\Windows\system32\IMM32.DLL
0x00007ff912910000 - 0x00007ff912a49000 	C:\Windows\system32\MSCTF.dll
0x0000000053f70000 - 0x0000000054042000 	C:\Program Files\Java\jdk1.8.0_60\jre\bin\msvcr100.dll
0x00000000546e0000 - 0x0000000054f69000 	C:\Program Files\Java\jdk1.8.0_60\jre\bin\server\jvm.dll
0x00007ff903ad0000 - 0x00007ff903ad9000 	C:\Windows\SYSTEM32\WSOCK32.dll
0x00007ff90fd10000 - 0x00007ff90fd2f000 	C:\Windows\system32\WINMM.dll
0x00007ff907e90000 - 0x00007ff907e9a000 	C:\Windows\SYSTEM32\VERSION.dll
0x00007ff910680000 - 0x00007ff910687000 	C:\Windows\system32\PSAPI.DLL
0x00007ff9127b0000 - 0x00007ff912808000 	C:\Windows\system32\WS2_32.dll
0x00007ff90fce0000 - 0x00007ff90fd0a000 	C:\Windows\system32\WINMMBASE.dll
0x00007ff910540000 - 0x00007ff910549000 	C:\Windows\system32\NSI.dll
0x00007ff90fde0000 - 0x00007ff90fe2a000 	C:\Windows\SYSTEM32\cfgmgr32.dll
0x00007ff90fc90000 - 0x00007ff90fcb6000 	C:\Windows\system32\DEVOBJ.dll
0x0000000055460000 - 0x000000005546f000 	C:\Program Files\Java\jdk1.8.0_60\jre\bin\verify.dll
0x00000000546b0000 - 0x00000000546d9000 	C:\Program Files\Java\jdk1.8.0_60\jre\bin\java.dll
0x0000000054690000 - 0x00000000546a6000 	C:\Program Files\Java\jdk1.8.0_60\jre\bin\zip.dll
0x00007ff910690000 - 0x00007ff911a9d000 	C:\Windows\system32\SHELL32.dll
0x00007ff912a50000 - 0x00007ff912c27000 	C:\Windows\SYSTEM32\combase.dll
0x00007ff911f30000 - 0x00007ff911f81000 	C:\Windows\system32\SHLWAPI.dll
0x00007ff90e2c0000 - 0x00007ff90e361000 	C:\Windows\SYSTEM32\SHCORE.dll
0x00007ff90fbe0000 - 0x00007ff90fbf4000 	C:\Windows\SYSTEM32\profapi.dll

VM Arguments:
java_command: E:\csms\videoService\target\surefire\surefirebooter7925911622699397822.jar E:\csms\videoService\target\surefire\surefire5887633074480122403tmp E:\csms\videoService\target\surefire\surefire2109747257733351298tmp
java_class_path (initial): E:\csms\videoService\target\surefire\surefirebooter7925911622699397822.jar
Launcher Type: SUN_STANDARD

Environment Variables:
JAVA_HOME=C:\Program Files\Java\jdk1.8.0_60
PATH=C:\Python34\;C:\Python34\Scripts;C:\Program Files\Java\jdk1.8.0_60\bin;C:\Windows\system32;C:\Windows;C:\Windows\System32\Wbem;C:\Windows\System32\WindowsPowerShell\v1.0\;D:\360downloads\360°²È«ÎÀÊ¿\apache-tomcat-7.0.68-windows-x64\apache-tomcat-7.0.68\bin;D:\360downloads\360°²È«ÎÀÊ¿\apache-tomcat-7.0.68-windows-x64\apache-tomcat-7.0.68\lib;F:\maven\apache-maven-3.3.9-bin\apache-maven-3.3.9\bin;C:\SQLServer64\100\Tools\Binn\;C:\Microsoft SQL Server\100\Tools\Binn\;C:\Microsoft SQL Server\100\DTS\Binn\;C:\SQLServer64\100\Tools\Binn\VSShell\Common7\IDE\;C:\Program Files (x86)\Microsoft Visual Studio 9.0\Common7\IDE\PrivateAssemblies\;C:\SQLServer64\100\DTS\Binn\;C:\Program Files\Git\cmd;F:\gradle\gradle-2.14.1-bin\gradle-2.14.1\bin;C:\Program Files\TortoiseSVN\bin;C:\Program Files\nodejs\;C:\Microsoft VS Code\bin;C:\Users\qianl_000\AppData\Roaming\npm
USERNAME=qianl_000
OS=Windows_NT
PROCESSOR_IDENTIFIER=Intel64 Family 6 Model 42 Stepping 7, GenuineIntel



---------------  S Y S T E M  ---------------

OS: Windows 8.1 , 64 bit Build 9600 (6.3.9600.16656)

CPU:total 2 (2 cores per cpu, 1 threads per core) family 6 model 42 stepping 7, cmov, cx8, fxsr, mmx, sse, sse2, sse3, ssse3, sse4.1, sse4.2, popcnt, clmul, tsc, tscinvbit

Memory: 4k page, physical 8233388k(1943744k free), swap 11132004k(4820k free)

vm_info: Java HotSpot(TM) 64-Bit Server VM (25.60-b23) for windows-amd64 JRE (1.8.0_60-b27), built on Aug  4 2015 11:06:27 by "java_re" with MS VC++ 10.0 (VS2010)

time: Thu Jun 29 15:51:50 2017
elapsed time: 0 seconds (0d 0h 0m 0s)

